{
"contracts/NftMarketplace.sol":{"l":{"54":13,"55":13,"57":1,"59":12,"67":17,"68":17,"69":17,"70":3,"72":14,"76":9,"77":9,"78":3,"80":6,"114":11,"115":0,"124":11,"125":11,"128":1,"131":10,"133":10,"149":3,"151":3,"152":1,"159":2,"161":2,"165":2,"169":2,"181":1,"182":1,"196":1,"197":0,"199":1,"200":1,"204":2,"205":2,"206":1,"208":1,"209":1,"210":1,"211":0,"223":3,"227":2},"path":"/home/arpit/hh-fcc/hardhat-nft-marketplace-fcc/contracts/NftMarketplace.sol","s":{"1":13,"2":13,"3":17,"4":17,"5":17,"6":9,"7":9,"8":11,"9":11,"10":11,"11":10,"12":10,"13":3,"14":3,"15":2,"16":2,"17":2,"18":1,"19":1,"20":1,"21":1,"22":2,"23":2,"24":1,"25":1,"26":1,"27":3,"28":2},"b":{"1":[1,12],"2":[3,14],"3":[3,6],"4":[0,11],"5":[1,10],"6":[1,2],"7":[0,1],"8":[1,1],"9":[0,1]},"f":{"1":13,"2":17,"3":9,"4":11,"5":3,"6":1,"7":1,"8":2,"9":3,"10":2},"fnMap":{"1":{"name":"notListed","line":49,"loc":{"start":{"line":49,"column":4},"end":{"line":60,"column":4}}},"2":{"name":"isOwner","line":62,"loc":{"start":{"line":62,"column":4},"end":{"line":73,"column":4}}},"3":{"name":"isListed","line":75,"loc":{"start":{"line":75,"column":4},"end":{"line":81,"column":4}}},"4":{"name":"listItem","line":113,"loc":{"start":{"line":109,"column":4},"end":{"line":134,"column":4}}},"5":{"name":"buyItem","line":148,"loc":{"start":{"line":145,"column":4},"end":{"line":170,"column":4}}},"6":{"name":"cancelListing","line":180,"loc":{"start":{"line":177,"column":4},"end":{"line":183,"column":4}}},"7":{"name":"updateListing","line":195,"loc":{"start":{"line":191,"column":4},"end":{"line":201,"column":4}}},"8":{"name":"withdrawProceeds","line":203,"loc":{"start":{"line":203,"column":4},"end":{"line":213,"column":4}}},"9":{"name":"getListing","line":219,"loc":{"start":{"line":219,"column":4},"end":{"line":224,"column":4}}},"10":{"name":"getProceeds","line":226,"loc":{"start":{"line":226,"column":4},"end":{"line":228,"column":4}}}},"statementMap":{"1":{"start":{"line":54,"column":8},"end":{"line":54,"column":64}},"2":{"start":{"line":55,"column":8},"end":{"line":55,"column":1815}},"3":{"start":{"line":67,"column":8},"end":{"line":67,"column":41}},"4":{"start":{"line":68,"column":8},"end":{"line":68,"column":44}},"5":{"start":{"line":69,"column":8},"end":{"line":69,"column":2244}},"6":{"start":{"line":76,"column":8},"end":{"line":76,"column":64}},"7":{"start":{"line":77,"column":8},"end":{"line":77,"column":2462}},"8":{"start":{"line":114,"column":8},"end":{"line":114,"column":3507}},"9":{"start":{"line":124,"column":8},"end":{"line":124,"column":41}},"10":{"start":{"line":125,"column":8},"end":{"line":125,"column":4063}},"11":{"start":{"line":131,"column":8},"end":{"line":131,"column":67}},"12":{"start":{"line":133,"column":8},"end":{"line":133,"column":63}},"13":{"start":{"line":149,"column":8},"end":{"line":149,"column":67}},"14":{"start":{"line":151,"column":8},"end":{"line":151,"column":5237}},"15":{"start":{"line":159,"column":8},"end":{"line":159,"column":80}},"16":{"start":{"line":165,"column":8},"end":{"line":165,"column":83}},"17":{"start":{"line":169,"column":8},"end":{"line":169,"column":74}},"18":{"start":{"line":182,"column":8},"end":{"line":182,"column":58}},"19":{"start":{"line":196,"column":8},"end":{"line":196,"column":7075}},"20":{"start":{"line":199,"column":8},"end":{"line":199,"column":55}},"21":{"start":{"line":200,"column":8},"end":{"line":200,"column":66}},"22":{"start":{"line":204,"column":8},"end":{"line":204,"column":49}},"23":{"start":{"line":205,"column":8},"end":{"line":205,"column":7400}},"24":{"start":{"line":208,"column":8},"end":{"line":208,"column":33}},"25":{"start":{"line":209,"column":8},"end":{"line":209,"column":72}},"26":{"start":{"line":210,"column":8},"end":{"line":210,"column":7598}},"27":{"start":{"line":223,"column":8},"end":{"line":223,"column":46}},"28":{"start":{"line":227,"column":8},"end":{"line":227,"column":33}}},"branchMap":{"1":{"line":55,"type":"if","locations":[{"start":{"line":55,"column":8},"end":{"line":55,"column":8}},{"start":{"line":55,"column":8},"end":{"line":55,"column":8}}]},"2":{"line":69,"type":"if","locations":[{"start":{"line":69,"column":8},"end":{"line":69,"column":8}},{"start":{"line":69,"column":8},"end":{"line":69,"column":8}}]},"3":{"line":77,"type":"if","locations":[{"start":{"line":77,"column":8},"end":{"line":77,"column":8}},{"start":{"line":77,"column":8},"end":{"line":77,"column":8}}]},"4":{"line":114,"type":"if","locations":[{"start":{"line":114,"column":8},"end":{"line":114,"column":8}},{"start":{"line":114,"column":8},"end":{"line":114,"column":8}}]},"5":{"line":125,"type":"if","locations":[{"start":{"line":125,"column":8},"end":{"line":125,"column":8}},{"start":{"line":125,"column":8},"end":{"line":125,"column":8}}]},"6":{"line":151,"type":"if","locations":[{"start":{"line":151,"column":8},"end":{"line":151,"column":8}},{"start":{"line":151,"column":8},"end":{"line":151,"column":8}}]},"7":{"line":196,"type":"if","locations":[{"start":{"line":196,"column":8},"end":{"line":196,"column":8}},{"start":{"line":196,"column":8},"end":{"line":196,"column":8}}]},"8":{"line":205,"type":"if","locations":[{"start":{"line":205,"column":8},"end":{"line":205,"column":8}},{"start":{"line":205,"column":8},"end":{"line":205,"column":8}}]},"9":{"line":210,"type":"if","locations":[{"start":{"line":210,"column":8},"end":{"line":210,"column":8}},{"start":{"line":210,"column":8},"end":{"line":210,"column":8}}]}}},
"contracts/test/BasicNft.sol":{"l":{"14":3,"18":15,"19":15,"20":15,"24":0,"25":0,"29":0},"path":"/home/arpit/hh-fcc/hardhat-nft-marketplace-fcc/contracts/test/BasicNft.sol","s":{"1":3,"2":15,"3":15,"4":15,"5":0,"6":0,"7":0},"b":{"1":[0,0]},"f":{"1":3,"2":15,"3":0,"4":0},"fnMap":{"1":{"name":"constructor","line":13,"loc":{"start":{"line":13,"column":4},"end":{"line":15,"column":4}}},"2":{"name":"mintNft","line":17,"loc":{"start":{"line":17,"column":4},"end":{"line":21,"column":4}}},"3":{"name":"tokenURI","line":23,"loc":{"start":{"line":23,"column":4},"end":{"line":26,"column":4}}},"4":{"name":"getTokenCounter","line":28,"loc":{"start":{"line":28,"column":4},"end":{"line":30,"column":4}}}},"statementMap":{"1":{"start":{"line":14,"column":8},"end":{"line":14,"column":25}},"2":{"start":{"line":18,"column":8},"end":{"line":18,"column":44}},"3":{"start":{"line":19,"column":8},"end":{"line":19,"column":38}},"4":{"start":{"line":20,"column":8},"end":{"line":20,"column":42}},"5":{"start":{"line":24,"column":8},"end":{"line":24,"column":83}},"6":{"start":{"line":25,"column":8},"end":{"line":25,"column":24}},"7":{"start":{"line":29,"column":8},"end":{"line":29,"column":29}}},"branchMap":{"1":{"line":24,"type":"if","locations":[{"start":{"line":24,"column":8},"end":{"line":24,"column":8}},{"start":{"line":24,"column":8},"end":{"line":24,"column":8}}]}}},
"contracts/test/BasicNftTwo.sol":{"l":{"13":3,"17":0,"18":0,"19":0,"23":0,"24":0,"28":0},"path":"/home/arpit/hh-fcc/hardhat-nft-marketplace-fcc/contracts/test/BasicNftTwo.sol","s":{"1":3,"2":0,"3":0,"4":0,"5":0,"6":0,"7":0},"b":{"1":[0,0]},"f":{"1":3,"2":0,"3":0,"4":0},"fnMap":{"1":{"name":"constructor","line":12,"loc":{"start":{"line":12,"column":4},"end":{"line":14,"column":4}}},"2":{"name":"mintNft","line":16,"loc":{"start":{"line":16,"column":4},"end":{"line":20,"column":4}}},"3":{"name":"tokenURI","line":22,"loc":{"start":{"line":22,"column":4},"end":{"line":25,"column":4}}},"4":{"name":"getTokenCounter","line":27,"loc":{"start":{"line":27,"column":4},"end":{"line":29,"column":4}}}},"statementMap":{"1":{"start":{"line":13,"column":8},"end":{"line":13,"column":25}},"2":{"start":{"line":17,"column":8},"end":{"line":17,"column":44}},"3":{"start":{"line":18,"column":8},"end":{"line":18,"column":38}},"4":{"start":{"line":19,"column":8},"end":{"line":19,"column":42}},"5":{"start":{"line":23,"column":8},"end":{"line":23,"column":83}},"6":{"start":{"line":24,"column":8},"end":{"line":24,"column":24}},"7":{"start":{"line":28,"column":8},"end":{"line":28,"column":29}}},"branchMap":{"1":{"line":23,"type":"if","locations":[{"start":{"line":23,"column":8},"end":{"line":23,"column":8}},{"start":{"line":23,"column":8},"end":{"line":23,"column":8}}]}}}}
