TN:
SF:/home/arpit/hh-fcc/hardhat-nft-marketplace-fcc/contracts/NftMarketplace.sol
FN:49,notListed
FN:62,isOwner
FN:75,isListed
FN:113,listItem
FN:148,buyItem
FN:180,cancelListing
FN:195,updateListing
FN:203,withdrawProceeds
FN:219,getListing
FN:226,getProceeds
FNF:10
FNH:10
FNDA:13,notListed
FNDA:17,isOwner
FNDA:9,isListed
FNDA:11,listItem
FNDA:3,buyItem
FNDA:1,cancelListing
FNDA:1,updateListing
FNDA:2,withdrawProceeds
FNDA:3,getListing
FNDA:2,getProceeds
DA:54,13
DA:55,13
DA:57,1
DA:59,12
DA:67,17
DA:68,17
DA:69,17
DA:70,3
DA:72,14
DA:76,9
DA:77,9
DA:78,3
DA:80,6
DA:114,11
DA:115,0
DA:124,11
DA:125,11
DA:128,1
DA:131,10
DA:133,10
DA:149,3
DA:151,3
DA:152,1
DA:159,2
DA:161,2
DA:165,2
DA:169,2
DA:181,1
DA:182,1
DA:196,1
DA:197,0
DA:199,1
DA:200,1
DA:204,2
DA:205,2
DA:206,1
DA:208,1
DA:209,1
DA:210,1
DA:211,0
DA:223,3
DA:227,2
LF:42
LH:39
BRDA:55,1,0,1
BRDA:55,1,1,12
BRDA:69,2,0,3
BRDA:69,2,1,14
BRDA:77,3,0,3
BRDA:77,3,1,6
BRDA:114,4,0,0
BRDA:114,4,1,11
BRDA:125,5,0,1
BRDA:125,5,1,10
BRDA:151,6,0,1
BRDA:151,6,1,2
BRDA:196,7,0,0
BRDA:196,7,1,1
BRDA:205,8,0,1
BRDA:205,8,1,1
BRDA:210,9,0,0
BRDA:210,9,1,1
BRF:18
BRH:15
end_of_record
TN:
SF:/home/arpit/hh-fcc/hardhat-nft-marketplace-fcc/contracts/test/BasicNft.sol
FN:13,constructor
FN:17,mintNft
FN:23,tokenURI
FN:28,getTokenCounter
FNF:4
FNH:2
FNDA:3,constructor
FNDA:15,mintNft
FNDA:0,tokenURI
FNDA:0,getTokenCounter
DA:14,3
DA:18,15
DA:19,15
DA:20,15
DA:24,0
DA:25,0
DA:29,0
LF:7
LH:4
BRDA:24,1,0,0
BRDA:24,1,1,0
BRF:2
BRH:0
end_of_record
TN:
SF:/home/arpit/hh-fcc/hardhat-nft-marketplace-fcc/contracts/test/BasicNftTwo.sol
FN:12,constructor
FN:16,mintNft
FN:22,tokenURI
FN:27,getTokenCounter
FNF:4
FNH:1
FNDA:3,constructor
FNDA:0,mintNft
FNDA:0,tokenURI
FNDA:0,getTokenCounter
DA:13,3
DA:17,0
DA:18,0
DA:19,0
DA:23,0
DA:24,0
DA:28,0
LF:7
LH:1
BRDA:23,1,0,0
BRDA:23,1,1,0
BRF:2
BRH:0
end_of_record
